<?xml version="1.0" encoding="UTF-8"?>
<testsuite xmlns:xsi="http://www.w3.org/2001/XMLSchema-instance" xsi:noNamespaceSchemaLocation="https://maven.apache.org/surefire/maven-surefire-plugin/xsd/surefire-test-report-3.0.xsd" version="3.0" name="com.dental.app.clinicadentalapp.dao.UsuarioDAOTest" time="9.374" tests="4" errors="0" skipped="0" failures="0">
  <properties>
[...]
</properties>
  <testcase name="testValidarUsuarioFallido_UsuarioNoExiste" classname="com.dental.app.clinicadentalapp.dao.UsuarioDAOTest" time="2.161">
    <system-out><![CDATA[--- LIMPIANDO USUARIO DE PRUEBA (98765432) ---
--- LIMPIANDO USUARIO DE PRUEBA (98765432) ---
]]></system-out>
  </testcase>
  <testcase name="testValidarUsuarioFallido_PasswordIncorrecto" classname="com.dental.app.clinicadentalapp.dao.UsuarioDAOTest" time="1.876">
    <system-out><![CDATA[--- LIMPIANDO USUARIO DE PRUEBA (98765432) ---
--- LIMPIANDO USUARIO DE PRUEBA (98765432) ---
]]></system-out>
  </testcase>
  <testcase name="testValidarUsuarioExitoso" classname="com.dental.app.clinicadentalapp.dao.UsuarioDAOTest" time="2.334">
    <system-out><![CDATA[--- LIMPIANDO USUARIO DE PRUEBA (98765432) ---
--- LIMPIANDO USUARIO DE PRUEBA (98765432) ---
]]></system-out>
  </testcase>
  <testcase name="testRegistrarUsuarioExitoso" classname="com.dental.app.clinicadentalapp.dao.UsuarioDAOTest" time="2.989">
    <system-out><![CDATA[--- LIMPIANDO USUARIO DE PRUEBA (98765432) ---
Ejecutando test: Registrar Usuario con Contraseña Válida
--- LIMPIANDO USUARIO DE PRUEBA (98765432) ---
]]></system-out>
  </testcase>
</testsuite>